<?xml version="1.0" encoding="UTF-8"?>
<testsuite xmlns:xsi="http://www.w3.org/2001/XMLSchema-instance" xsi:noNamespaceSchemaLocation="https://maven.apache.org/surefire/maven-surefire-plugin/xsd/surefire-test-report.xsd" name="ar.utn.frbb.tup.service.administracion.gestion.cuentas.CuentasServiceTest" time="0.001" tests="1" errors="0" skipped="0" failures="0">
  <properties>
    <property name="java.specification.version" value="21"/>
    <property name="sun.cpu.isalist" value="amd64"/>
    <property name="sun.jnu.encoding" value="Cp1252"/>
    <property name="java.class.path" value="C:\Users\weyla\OneDrive\Escritorio\tup2024\target\test-classes;C:\Users\weyla\OneDrive\Escritorio\tup2024\target\classes;C:\Users\weyla\.m2\repository\org\junit\jupiter\junit-jupiter-engine\5.9.2\junit-jupiter-engine-5.9.2.jar;C:\Users\weyla\.m2\repository\org\junit\platform\junit-platform-engine\1.9.2\junit-platform-engine-1.9.2.jar;C:\Users\weyla\.m2\repository\org\opentest4j\opentest4j\1.2.0\opentest4j-1.2.0.jar;C:\Users\weyla\.m2\repository\org\junit\platform\junit-platform-commons\1.9.2\junit-platform-commons-1.9.2.jar;C:\Users\weyla\.m2\repository\org\junit\jupiter\junit-jupiter-api\5.9.2\junit-jupiter-api-5.9.2.jar;C:\Users\weyla\.m2\repository\org\apiguardian\apiguardian-api\1.1.2\apiguardian-api-1.1.2.jar;C:\Users\weyla\.m2\repository\org\springframework\spring-context\5.3.36\spring-context-5.3.36.jar;C:\Users\weyla\.m2\repository\org\springframework\spring-aop\5.3.36\spring-aop-5.3.36.jar;C:\Users\weyla\.m2\repository\org\springframework\spring-beans\5.3.36\spring-beans-5.3.36.jar;C:\Users\weyla\.m2\repository\org\springframework\spring-core\5.3.36\spring-core-5.3.36.jar;C:\Users\weyla\.m2\repository\org\springframework\spring-jcl\5.3.36\spring-jcl-5.3.36.jar;C:\Users\weyla\.m2\repository\org\springframework\spring-expression\5.3.36\spring-expression-5.3.36.jar;C:\Users\weyla\.m2\repository\org\springframework\spring-test\5.3.36\spring-test-5.3.36.jar;C:\Users\weyla\.m2\repository\org\mockito\mockito-core\5.11.0\mockito-core-5.11.0.jar;C:\Users\weyla\.m2\repository\net\bytebuddy\byte-buddy\1.14.12\byte-buddy-1.14.12.jar;C:\Users\weyla\.m2\repository\net\bytebuddy\byte-buddy-agent\1.14.12\byte-buddy-agent-1.14.12.jar;C:\Users\weyla\.m2\repository\org\objenesis\objenesis\3.3\objenesis-3.3.jar;C:\Users\weyla\.m2\repository\org\mockito\mockito-junit-jupiter\5.11.0\mockito-junit-jupiter-5.11.0.jar;"/>
    <property name="java.vm.vendor" value="Oracle Corporation"/>
    <property name="sun.arch.data.model" value="64"/>
    <property name="user.variant" value=""/>
    <property name="java.vendor.url" value="https://java.oracle.com/"/>
    <property name="user.timezone" value="America/Buenos_Aires"/>
    <property name="user.country.format" value="US"/>
    <property name="os.name" value="Windows 11"/>
    <property name="java.vm.specification.version" value="21"/>
    <property name="sun.java.launcher" value="SUN_STANDARD"/>
    <property name="user.country" value="ES"/>
    <property name="sun.boot.library.path" value="C:\Program Files\Java\jdk-21\bin"/>
    <property name="sun.java.command" value="C:\Users\weyla\AppData\Local\Temp\surefire12882724576314641096\surefirebooter16003911229036110959.jar C:\Users\weyla\AppData\Local\Temp\surefire12882724576314641096 2024-06-02T04-24-02_338-jvmRun1 surefire894326936159608306tmp surefire_014009873613200395152tmp"/>
    <property name="jdk.debug" value="release"/>
    <property name="surefire.test.class.path" value="C:\Users\weyla\OneDrive\Escritorio\tup2024\target\test-classes;C:\Users\weyla\OneDrive\Escritorio\tup2024\target\classes;C:\Users\weyla\.m2\repository\org\junit\jupiter\junit-jupiter-engine\5.9.2\junit-jupiter-engine-5.9.2.jar;C:\Users\weyla\.m2\repository\org\junit\platform\junit-platform-engine\1.9.2\junit-platform-engine-1.9.2.jar;C:\Users\weyla\.m2\repository\org\opentest4j\opentest4j\1.2.0\opentest4j-1.2.0.jar;C:\Users\weyla\.m2\repository\org\junit\platform\junit-platform-commons\1.9.2\junit-platform-commons-1.9.2.jar;C:\Users\weyla\.m2\repository\org\junit\jupiter\junit-jupiter-api\5.9.2\junit-jupiter-api-5.9.2.jar;C:\Users\weyla\.m2\repository\org\apiguardian\apiguardian-api\1.1.2\apiguardian-api-1.1.2.jar;C:\Users\weyla\.m2\repository\org\springframework\spring-context\5.3.36\spring-context-5.3.36.jar;C:\Users\weyla\.m2\repository\org\springframework\spring-aop\5.3.36\spring-aop-5.3.36.jar;C:\Users\weyla\.m2\repository\org\springframework\spring-beans\5.3.36\spring-beans-5.3.36.jar;C:\Users\weyla\.m2\repository\org\springframework\spring-core\5.3.36\spring-core-5.3.36.jar;C:\Users\weyla\.m2\repository\org\springframework\spring-jcl\5.3.36\spring-jcl-5.3.36.jar;C:\Users\weyla\.m2\repository\org\springframework\spring-expression\5.3.36\spring-expression-5.3.36.jar;C:\Users\weyla\.m2\repository\org\springframework\spring-test\5.3.36\spring-test-5.3.36.jar;C:\Users\weyla\.m2\repository\org\mockito\mockito-core\5.11.0\mockito-core-5.11.0.jar;C:\Users\weyla\.m2\repository\net\bytebuddy\byte-buddy\1.14.12\byte-buddy-1.14.12.jar;C:\Users\weyla\.m2\repository\net\bytebuddy\byte-buddy-agent\1.14.12\byte-buddy-agent-1.14.12.jar;C:\Users\weyla\.m2\repository\org\objenesis\objenesis\3.3\objenesis-3.3.jar;C:\Users\weyla\.m2\repository\org\mockito\mockito-junit-jupiter\5.11.0\mockito-junit-jupiter-5.11.0.jar;"/>
    <property name="sun.cpu.endian" value="little"/>
    <property name="user.home" value="C:\Users\weyla"/>
    <property name="user.language" value="es"/>
    <property name="java.specification.vendor" value="Oracle Corporation"/>
    <property name="java.version.date" value="2024-04-16"/>
    <property name="java.home" value="C:\Program Files\Java\jdk-21"/>
    <property name="file.separator" value="\"/>
    <property name="basedir" value="C:\Users\weyla\OneDrive\Escritorio\tup2024"/>
    <property name="java.vm.compressedOopsMode" value="Zero based"/>
    <property name="line.separator" value="&#10;"/>
    <property name="java.vm.specification.vendor" value="Oracle Corporation"/>
    <property name="java.specification.name" value="Java Platform API Specification"/>
    <property name="surefire.real.class.path" value="C:\Users\weyla\AppData\Local\Temp\surefire12882724576314641096\surefirebooter16003911229036110959.jar"/>
    <property name="user.script" value=""/>
    <property name="sun.management.compiler" value="HotSpot 64-Bit Tiered Compilers"/>
    <property name="java.runtime.version" value="21.0.3+7-LTS-152"/>
    <property name="user.name" value="weyla"/>
    <property name="stdout.encoding" value="Cp1252"/>
    <property name="path.separator" value=";"/>
    <property name="os.version" value="10.0"/>
    <property name="java.runtime.name" value="Java(TM) SE Runtime Environment"/>
    <property name="file.encoding" value="UTF-8"/>
    <property name="java.vm.name" value="Java HotSpot(TM) 64-Bit Server VM"/>
    <property name="localRepository" value="C:\Users\weyla\.m2\repository"/>
    <property name="java.vendor.url.bug" value="https://bugreport.java.com/bugreport/"/>
    <property name="java.io.tmpdir" value="C:\Users\weyla\AppData\Local\Temp\"/>
    <property name="java.version" value="21.0.3"/>
    <property name="user.dir" value="C:\Users\weyla\OneDrive\Escritorio\tup2024"/>
    <property name="os.arch" value="amd64"/>
    <property name="java.vm.specification.name" value="Java Virtual Machine Specification"/>
    <property name="user.language.format" value="en"/>
    <property name="sun.os.patch.level" value=""/>
    <property name="native.encoding" value="Cp1252"/>
    <property name="java.library.path" value="C:\Program Files\Java\jdk-21\bin;C:\WINDOWS\Sun\Java\bin;C:\WINDOWS\system32;C:\WINDOWS;C:\Program Files\Common Files\Oracle\Java\javapath;C:\Program Files (x86)\Common Files\Oracle\Java\java8path;C:\Program Files (x86)\Common Files\Oracle\Java\javapath;C:\WINDOWS\system32;C:\WINDOWS;C:\WINDOWS\System32\Wbem;C:\WINDOWS\System32\WindowsPowerShell\v1.0\;C:\WINDOWS\System32\OpenSSH\;C:\Program Files\Git\cmd;C:\Program Files\NVIDIA Corporation\NVIDIA NvDLISR;C:\Program Files (x86)\NVIDIA Corporation\PhysX\Common;C:\Users\weyla\AppData\Local\Microsoft\WindowsApps;C:\Users\weyla\AppData\Local\GitHubDesktop\bin;C:\Users\weyla\AppData\Local\Programs\Microsoft VS Code\bin;C:\Program Files\Maven\apache-maven-3.9.6\bin;C:\Program Files\Maven\apache-maven-3.9.6\bin;;."/>
    <property name="java.vm.info" value="mixed mode, sharing"/>
    <property name="stderr.encoding" value="Cp1252"/>
    <property name="java.vendor" value="Oracle Corporation"/>
    <property name="java.vm.version" value="21.0.3+7-LTS-152"/>
    <property name="sun.io.unicode.encoding" value="UnicodeLittle"/>
    <property name="java.class.version" value="65.0"/>
  </properties>
  <testcase name="testCuentaSuccess" classname="ar.utn.frbb.tup.service.administracion.gestion.cuentas.CuentasServiceTest" time="0"/>
</testsuite>